<?xml version="1.0" encoding="UTF-8"?>
<!-- Generated by org.testng.reporters.JUnitReportReporter -->
<testsuite hostname="tony-mbp" name="webdriverdemo" tests="2" failures="0" timestamp="28 Jan 2015 13:31:22 GMT" time="24.033" errors="0">
  <testcase name="testCase_001" time="14.851" classname="webdriverdemo"/>
  <testcase name="testCase_002" time="9.182" classname="webdriverdemo"/>
</testsuite> <!-- webdriverdemo -->
